-------------------------------------------------------------------------------
Test set: info.archinnov.achilles.it.TestDSLSimpleEntity
-------------------------------------------------------------------------------
Tests run: 39, Failures: 1, Errors: 0, Skipped: 0, Time elapsed: 7.195 sec <<< FAILURE! - in info.archinnov.achilles.it.TestDSLSimpleEntity
should_dsl_select_one(info.archinnov.achilles.it.TestDSLSimpleEntity)  Time elapsed: 0.166 sec  <<< FAILURE!
java.lang.AssertionError: 
Actual and expected have the same elements but not in the same order, at index 0 actual element was:
 <2.0>
whereas expected element was:
 <1.0>

	at info.archinnov.achilles.it.TestDSLSimpleEntity.should_dsl_select_one(TestDSLSimpleEntity.java:102)

