<?xml version="1.0" encoding="UTF-8" ?>
<testsuite tests="81" failures="0" name="info.archinnov.achilles.internals.parser.FieldParserTest" time="5.362" errors="0" skipped="0">
  <properties>
[...]
</properties>
  <testcase classname="info.archinnov.achilles.internals.parser.FieldParserTest" name="should_fail_parsing_SASI_analyzed_but_SPARSE" time="0.735"/>
  <testcase classname="info.archinnov.achilles.internals.parser.FieldParserTest" name="should_fail_parsing_codec_from_registry" time="0.035"/>
  <testcase classname="info.archinnov.achilles.internals.parser.FieldParserTest" name="should_parse_tuple1" time="0.388"/>
  <testcase classname="info.archinnov.achilles.internals.parser.FieldParserTest" name="should_parse_tuple2" time="0.18"/>
  <testcase classname="info.archinnov.achilles.internals.parser.FieldParserTest" name="should_parse_tuple3" time="0.191"/>
  <testcase classname="info.archinnov.achilles.internals.parser.FieldParserTest" name="should_parse_tuple4" time="0.139"/>
  <testcase classname="info.archinnov.achilles.internals.parser.FieldParserTest" name="should_parse_tuple5" time="0.078"/>
  <testcase classname="info.archinnov.achilles.internals.parser.FieldParserTest" name="should_parse_tuple6" time="0.074"/>
  <testcase classname="info.archinnov.achilles.internals.parser.FieldParserTest" name="should_parse_tuple7" time="0.144"/>
  <testcase classname="info.archinnov.achilles.internals.parser.FieldParserTest" name="should_parse_tuple8" time="0.101"/>
  <testcase classname="info.archinnov.achilles.internals.parser.FieldParserTest" name="should_parse_tuple9" time="0.103"/>
  <testcase classname="info.archinnov.achilles.internals.parser.FieldParserTest" name="should_fail_parsing_wrongtimeuuid" time="0.061"/>
  <testcase classname="info.archinnov.achilles.internals.parser.FieldParserTest" name="should_parse_optional_string" time="0.097"/>
  <testcase classname="info.archinnov.achilles.internals.parser.FieldParserTest" name="should_parse_tuple_nesting" time="0.097"/>
  <testcase classname="info.archinnov.achilles.internals.parser.FieldParserTest" name="should_parse_computed_field_with_codec" time="0.056"/>
  <testcase classname="info.archinnov.achilles.internals.parser.FieldParserTest" name="should_parse_set_udt" time="0.077"/>
  <testcase classname="info.archinnov.achilles.internals.parser.FieldParserTest" name="should_parse_complex_nested_map" time="0.067"/>
  <testcase classname="info.archinnov.achilles.internals.parser.FieldParserTest" name="should_parse_primitive_boolean" time="0.058"/>
  <testcase classname="info.archinnov.achilles.internals.parser.FieldParserTest" name="should_parse_object_byte_array" time="0.076"/>
  <testcase classname="info.archinnov.achilles.internals.parser.FieldParserTest" name="should_fail_parsing_static_column_in_udt" time="0.031"/>
  <testcase classname="info.archinnov.achilles.internals.parser.FieldParserTest" name="should_fail_parsing_SASI_standardAnalyzer_But_NotAnalyzed" time="0.038"/>
  <testcase classname="info.archinnov.achilles.internals.parser.FieldParserTest" name="should_parse_timeuuid" time="0.063"/>
  <testcase classname="info.archinnov.achilles.internals.parser.FieldParserTest" name="should_parse_json_map" time="0.056"/>
  <testcase classname="info.archinnov.achilles.internals.parser.FieldParserTest" name="should_parse_enumerated_type" time="0.049"/>
  <testcase classname="info.archinnov.achilles.internals.parser.FieldParserTest" name="should_parse_list_nesting" time="0.079"/>
  <testcase classname="info.archinnov.achilles.internals.parser.FieldParserTest" name="should_fail_parsing_non_frozen_nested_udt" time="0.026"/>
  <testcase classname="info.archinnov.achilles.internals.parser.FieldParserTest" name="should_parse_list_optional_string" time="0.048"/>
  <testcase classname="info.archinnov.achilles.internals.parser.FieldParserTest" name="should_fail_parsing_SASI_stemming_But_NonTokeninzingAnalyzer" time="0.049"/>
  <testcase classname="info.archinnov.achilles.internals.parser.FieldParserTest" name="should_parse_nested_tuple" time="0.017"/>
  <testcase classname="info.archinnov.achilles.internals.parser.FieldParserTest" name="should_parse_enumerated_codec_from_registry" time="0.045"/>
  <testcase classname="info.archinnov.achilles.internals.parser.FieldParserTest" name="should_parse_json_type" time="0.047"/>
  <testcase classname="info.archinnov.achilles.internals.parser.FieldParserTest" name="should_parse_optional_protocol_version_from_codec_registry" time="0.067"/>
  <testcase classname="info.archinnov.achilles.internals.parser.FieldParserTest" name="should_fail_parsing_SASI_lowercase_But_NotAnalyzed" time="0.019"/>
  <testcase classname="info.archinnov.achilles.internals.parser.FieldParserTest" name="should_fail_parsing_SASI_lowercase_But_NoAnalyzer" time="0.029"/>
  <testcase classname="info.archinnov.achilles.internals.parser.FieldParserTest" name="should_parse_tuple10" time="0.062"/>
  <testcase classname="info.archinnov.achilles.internals.parser.FieldParserTest" name="should_parse_codec_from_registry" time="0.071"/>
  <testcase classname="info.archinnov.achilles.internals.parser.FieldParserTest" name="should_parse_jdk8_local_date" time="0.056"/>
  <testcase classname="info.archinnov.achilles.internals.parser.FieldParserTest" name="should_parse_jdk8_local_time" time="0.073"/>
  <testcase classname="info.archinnov.achilles.internals.parser.FieldParserTest" name="should_parse_optional_protocol_version_from_inline_codec" time="0.059"/>
  <testcase classname="info.archinnov.achilles.internals.parser.FieldParserTest" name="should_parse_jdk8_zoned_date_time" time="0.045"/>
  <testcase classname="info.archinnov.achilles.internals.parser.FieldParserTest" name="should_fail_parsing_non_frozen_collection_in_udt" time="0.023"/>
  <testcase classname="info.archinnov.achilles.internals.parser.FieldParserTest" name="should_fail_parsing_SASI_lowercase_But_SPARSE" time="0.026"/>
  <testcase classname="info.archinnov.achilles.internals.parser.FieldParserTest" name="should_parse_set_nesting" time="0.041"/>
  <testcase classname="info.archinnov.achilles.internals.parser.FieldParserTest" name="should_parse_map_of_double_array" time="0.071"/>
  <testcase classname="info.archinnov.achilles.internals.parser.FieldParserTest" name="should_parse_map_with_nested_json" time="0.04"/>
  <testcase classname="info.archinnov.achilles.internals.parser.FieldParserTest" name="should_fail_parsing_SASI_on_list" time="0.036"/>
  <testcase classname="info.archinnov.achilles.internals.parser.FieldParserTest" name="should_fail_parsing_SASI_analyzed_but_not_string" time="0.021"/>
  <testcase classname="info.archinnov.achilles.internals.parser.FieldParserTest" name="should_fail_parsing_SASI_stemming_But_NotAnalyzed" time="0.017"/>
  <testcase classname="info.archinnov.achilles.internals.parser.FieldParserTest" name="should_parse_enumerated_set_type" time="0.064"/>
  <testcase classname="info.archinnov.achilles.internals.parser.FieldParserTest" name="should_parse_ascii" time="0.081"/>
  <testcase classname="info.archinnov.achilles.internals.parser.FieldParserTest" name="should_fail_parsing_counter_in_udt" time="0.02"/>
  <testcase classname="info.archinnov.achilles.internals.parser.FieldParserTest" name="should_parse_computed_field" time="0.04"/>
  <testcase classname="info.archinnov.achilles.internals.parser.FieldParserTest" name="should_parse_non_frozen_udt" time="0.041"/>
  <testcase classname="info.archinnov.achilles.internals.parser.FieldParserTest" name="should_fail_parsing_SASI_standardAnalyzer_Not_String" time="0.016"/>
  <testcase classname="info.archinnov.achilles.internals.parser.FieldParserTest" name="should_fail_parsing_SASI_standardAnalyzer_But_SPARSE" time="0.016"/>
  <testcase classname="info.archinnov.achilles.internals.parser.FieldParserTest" name="should_parse_object_boolean" time="0.038"/>
  <testcase classname="info.archinnov.achilles.internals.parser.FieldParserTest" name="should_parse_string_type" time="0.164"/>
  <testcase classname="info.archinnov.achilles.internals.parser.FieldParserTest" name="should_parse_runtime_codec" time="0.039"/>
  <testcase classname="info.archinnov.achilles.internals.parser.FieldParserTest" name="should_fail_parsing_wrongascii" time="0.027"/>
  <testcase classname="info.archinnov.achilles.internals.parser.FieldParserTest" name="should_parse_transformed_type" time="0.038"/>
  <testcase classname="info.archinnov.achilles.internals.parser.FieldParserTest" name="should_parse_simple_codec_from_registry" time="0.041"/>
  <testcase classname="info.archinnov.achilles.internals.parser.FieldParserTest" name="should_parse_codec_overriding_registry" time="0.043"/>
  <testcase classname="info.archinnov.achilles.internals.parser.FieldParserTest" name="should_parse_nested_int_array" time="0.06"/>
  <testcase classname="info.archinnov.achilles.internals.parser.FieldParserTest" name="should_parse_map_udt" time="0.038"/>
  <testcase classname="info.archinnov.achilles.internals.parser.FieldParserTest" name="should_parse_nested_udt" time="0.041"/>
  <testcase classname="info.archinnov.achilles.internals.parser.FieldParserTest" name="should_fail_parsing_clustering_column_in_udt" time="0.018"/>
  <testcase classname="info.archinnov.achilles.internals.parser.FieldParserTest" name="should_fail_parsing_SASI_SPARSE_But_String" time="0.016"/>
  <testcase classname="info.archinnov.achilles.internals.parser.FieldParserTest" name="should_parse_field_with_case_sensitive_overriden_name" time="0.039"/>
  <testcase classname="info.archinnov.achilles.internals.parser.FieldParserTest" name="should_parse_primitive_byte_array" time="0.052"/>
  <testcase classname="info.archinnov.achilles.internals.parser.FieldParserTest" name="should_fail_parsing_partition_key_in_udt" time="0.017"/>
  <testcase classname="info.archinnov.achilles.internals.parser.FieldParserTest" name="should_fail_parsing_SASI_on_map" time="0.019"/>
  <testcase classname="info.archinnov.achilles.internals.parser.FieldParserTest" name="should_fail_parsing_SASI_on_set" time="0.017"/>
  <testcase classname="info.archinnov.achilles.internals.parser.FieldParserTest" name="should_fail_parsing_SASI_lowercase_But_Not_String" time="0.016"/>
  <testcase classname="info.archinnov.achilles.internals.parser.FieldParserTest" name="should_parse_udt" time="0.045"/>
  <testcase classname="info.archinnov.achilles.internals.parser.FieldParserTest" name="should_parse_jdk8_instant" time="0.039"/>
  <testcase classname="info.archinnov.achilles.internals.parser.FieldParserTest" name="should_fail_parsing_SASI_analyzed_but_NoOpAnalyzer" time="0.019"/>
  <testcase classname="info.archinnov.achilles.internals.parser.FieldParserTest" name="should_parse_map_nesting" time="0.053"/>
  <testcase classname="info.archinnov.achilles.internals.parser.FieldParserTest" name="should_parse_json_codec_from_registry" time="0.039"/>
  <testcase classname="info.archinnov.achilles.internals.parser.FieldParserTest" name="should_fail_parsing_SASI_stemming_But_SPARSE" time="0.019"/>
  <testcase classname="info.archinnov.achilles.internals.parser.FieldParserTest" name="should_fail_parsing_SASI_stemming_But_NotString" time="0.03"/>
  <testcase classname="info.archinnov.achilles.internals.parser.FieldParserTest" name="should_parse_list_udt" time="0.056"/>
</testsuite>