<?xml version="1.0" encoding="UTF-8" ?>
<testsuite tests="42" failures="0" name="info.archinnov.achilles.internals.parser.FieldInfoParserTest" time="32.305" errors="0" skipped="0">
  <properties>
[...]
</properties>
  <testcase classname="info.archinnov.achilles.internals.parser.FieldInfoParserTest" name="info.archinnov.achilles.internals.parser.FieldInfoParserTest" time="0.035"/>
  <testcase classname="info.archinnov.achilles.internals.parser.FieldInfoParserTest" name="info.archinnov.achilles.internals.parser.FieldInfoParserTest" time="0.076"/>
  <testcase classname="info.archinnov.achilles.internals.parser.FieldInfoParserTest" name="info.archinnov.achilles.internals.parser.FieldInfoParserTest" time="0.125"/>
  <testcase classname="info.archinnov.achilles.internals.parser.FieldInfoParserTest" name="info.archinnov.achilles.internals.parser.FieldInfoParserTest" time="0.168"/>
  <testcase classname="info.archinnov.achilles.internals.parser.FieldInfoParserTest" name="info.archinnov.achilles.internals.parser.FieldInfoParserTest" time="0.207"/>
  <testcase classname="info.archinnov.achilles.internals.parser.FieldInfoParserTest" name="info.archinnov.achilles.internals.parser.FieldInfoParserTest" time="0.241"/>
  <testcase classname="info.archinnov.achilles.internals.parser.FieldInfoParserTest" name="info.archinnov.achilles.internals.parser.FieldInfoParserTest" time="0.288"/>
  <testcase classname="info.archinnov.achilles.internals.parser.FieldInfoParserTest" name="info.archinnov.achilles.internals.parser.FieldInfoParserTest" time="0.319"/>
  <testcase classname="info.archinnov.achilles.internals.parser.FieldInfoParserTest" name="info.archinnov.achilles.internals.parser.FieldInfoParserTest" time="0.352"/>
  <testcase classname="info.archinnov.achilles.internals.parser.FieldInfoParserTest" name="info.archinnov.achilles.internals.parser.FieldInfoParserTest" time="0.386"/>
  <testcase classname="info.archinnov.achilles.internals.parser.FieldInfoParserTest" name="info.archinnov.achilles.internals.parser.FieldInfoParserTest" time="0.43"/>
  <testcase classname="info.archinnov.achilles.internals.parser.FieldInfoParserTest" name="info.archinnov.achilles.internals.parser.FieldInfoParserTest" time="0.469"/>
  <testcase classname="info.archinnov.achilles.internals.parser.FieldInfoParserTest" name="info.archinnov.achilles.internals.parser.FieldInfoParserTest" time="0.492"/>
  <testcase classname="info.archinnov.achilles.internals.parser.FieldInfoParserTest" name="info.archinnov.achilles.internals.parser.FieldInfoParserTest" time="0.519"/>
  <testcase classname="info.archinnov.achilles.internals.parser.FieldInfoParserTest" name="info.archinnov.achilles.internals.parser.FieldInfoParserTest" time="0.56"/>
  <testcase classname="info.archinnov.achilles.internals.parser.FieldInfoParserTest" name="info.archinnov.achilles.internals.parser.FieldInfoParserTest" time="0.587"/>
  <testcase classname="info.archinnov.achilles.internals.parser.FieldInfoParserTest" name="info.archinnov.achilles.internals.parser.FieldInfoParserTest" time="0.615"/>
  <testcase classname="info.archinnov.achilles.internals.parser.FieldInfoParserTest" name="info.archinnov.achilles.internals.parser.FieldInfoParserTest" time="0.639"/>
  <testcase classname="info.archinnov.achilles.internals.parser.FieldInfoParserTest" name="info.archinnov.achilles.internals.parser.FieldInfoParserTest" time="0.673"/>
  <testcase classname="info.archinnov.achilles.internals.parser.FieldInfoParserTest" name="info.archinnov.achilles.internals.parser.FieldInfoParserTest" time="0.707"/>
  <testcase classname="info.archinnov.achilles.internals.parser.FieldInfoParserTest" name="info.archinnov.achilles.internals.parser.FieldInfoParserTest" time="0.738"/>
  <testcase classname="info.archinnov.achilles.internals.parser.FieldInfoParserTest" name="info.archinnov.achilles.internals.parser.FieldInfoParserTest" time="0.773"/>
  <testcase classname="info.archinnov.achilles.internals.parser.FieldInfoParserTest" name="info.archinnov.achilles.internals.parser.FieldInfoParserTest" time="0.822"/>
  <testcase classname="info.archinnov.achilles.internals.parser.FieldInfoParserTest" name="info.archinnov.achilles.internals.parser.FieldInfoParserTest" time="0.86"/>
  <testcase classname="info.archinnov.achilles.internals.parser.FieldInfoParserTest" name="info.archinnov.achilles.internals.parser.FieldInfoParserTest" time="0.887"/>
  <testcase classname="info.archinnov.achilles.internals.parser.FieldInfoParserTest" name="info.archinnov.achilles.internals.parser.FieldInfoParserTest" time="0.92"/>
  <testcase classname="info.archinnov.achilles.internals.parser.FieldInfoParserTest" name="info.archinnov.achilles.internals.parser.FieldInfoParserTest" time="0.953"/>
  <testcase classname="info.archinnov.achilles.internals.parser.FieldInfoParserTest" name="info.archinnov.achilles.internals.parser.FieldInfoParserTest" time="0.986"/>
  <testcase classname="info.archinnov.achilles.internals.parser.FieldInfoParserTest" name="info.archinnov.achilles.internals.parser.FieldInfoParserTest" time="1.018"/>
  <testcase classname="info.archinnov.achilles.internals.parser.FieldInfoParserTest" name="info.archinnov.achilles.internals.parser.FieldInfoParserTest" time="1.05"/>
  <testcase classname="info.archinnov.achilles.internals.parser.FieldInfoParserTest" name="info.archinnov.achilles.internals.parser.FieldInfoParserTest" time="1.095"/>
  <testcase classname="info.archinnov.achilles.internals.parser.FieldInfoParserTest" name="info.archinnov.achilles.internals.parser.FieldInfoParserTest" time="1.127"/>
  <testcase classname="info.archinnov.achilles.internals.parser.FieldInfoParserTest" name="info.archinnov.achilles.internals.parser.FieldInfoParserTest" time="1.159"/>
  <testcase classname="info.archinnov.achilles.internals.parser.FieldInfoParserTest" name="info.archinnov.achilles.internals.parser.FieldInfoParserTest" time="1.191"/>
  <testcase classname="info.archinnov.achilles.internals.parser.FieldInfoParserTest" name="info.archinnov.achilles.internals.parser.FieldInfoParserTest" time="1.224"/>
  <testcase classname="info.archinnov.achilles.internals.parser.FieldInfoParserTest" name="info.archinnov.achilles.internals.parser.FieldInfoParserTest" time="1.258"/>
  <testcase classname="info.archinnov.achilles.internals.parser.FieldInfoParserTest" name="info.archinnov.achilles.internals.parser.FieldInfoParserTest" time="1.308"/>
  <testcase classname="info.archinnov.achilles.internals.parser.FieldInfoParserTest" name="info.archinnov.achilles.internals.parser.FieldInfoParserTest" time="1.335"/>
  <testcase classname="info.archinnov.achilles.internals.parser.FieldInfoParserTest" name="info.archinnov.achilles.internals.parser.FieldInfoParserTest" time="1.384"/>
  <testcase classname="info.archinnov.achilles.internals.parser.FieldInfoParserTest" name="info.archinnov.achilles.internals.parser.FieldInfoParserTest" time="1.41"/>
  <testcase classname="info.archinnov.achilles.internals.parser.FieldInfoParserTest" name="info.archinnov.achilles.internals.parser.FieldInfoParserTest" time="1.443"/>
  <testcase classname="info.archinnov.achilles.internals.parser.FieldInfoParserTest" name="info.archinnov.achilles.internals.parser.FieldInfoParserTest" time="1.476"/>
</testsuite>