<?xml version="1.0" encoding="UTF-8" ?>
<testsuite tests="81" failures="0" name="info.archinnov.achilles.internals.parser.FieldParserTest" time="337.836" errors="0" skipped="0">
  <properties>
[...]
</properties>
  <testcase classname="info.archinnov.achilles.internals.parser.FieldParserTest" name="info.archinnov.achilles.internals.parser.FieldParserTest" time="0.822"/>
  <testcase classname="info.archinnov.achilles.internals.parser.FieldParserTest" name="info.archinnov.achilles.internals.parser.FieldParserTest" time="0.865"/>
  <testcase classname="info.archinnov.achilles.internals.parser.FieldParserTest" name="info.archinnov.achilles.internals.parser.FieldParserTest" time="1.335"/>
  <testcase classname="info.archinnov.achilles.internals.parser.FieldParserTest" name="info.archinnov.achilles.internals.parser.FieldParserTest" time="1.555"/>
  <testcase classname="info.archinnov.achilles.internals.parser.FieldParserTest" name="info.archinnov.achilles.internals.parser.FieldParserTest" time="1.711"/>
  <testcase classname="info.archinnov.achilles.internals.parser.FieldParserTest" name="info.archinnov.achilles.internals.parser.FieldParserTest" time="1.85"/>
  <testcase classname="info.archinnov.achilles.internals.parser.FieldParserTest" name="info.archinnov.achilles.internals.parser.FieldParserTest" time="1.985"/>
  <testcase classname="info.archinnov.achilles.internals.parser.FieldParserTest" name="info.archinnov.achilles.internals.parser.FieldParserTest" time="2.081"/>
  <testcase classname="info.archinnov.achilles.internals.parser.FieldParserTest" name="info.archinnov.achilles.internals.parser.FieldParserTest" time="2.193"/>
  <testcase classname="info.archinnov.achilles.internals.parser.FieldParserTest" name="info.archinnov.achilles.internals.parser.FieldParserTest" time="2.294"/>
  <testcase classname="info.archinnov.achilles.internals.parser.FieldParserTest" name="info.archinnov.achilles.internals.parser.FieldParserTest" time="2.387"/>
  <testcase classname="info.archinnov.achilles.internals.parser.FieldParserTest" name="info.archinnov.achilles.internals.parser.FieldParserTest" time="2.445"/>
  <testcase classname="info.archinnov.achilles.internals.parser.FieldParserTest" name="info.archinnov.achilles.internals.parser.FieldParserTest" time="2.54"/>
  <testcase classname="info.archinnov.achilles.internals.parser.FieldParserTest" name="info.archinnov.achilles.internals.parser.FieldParserTest" time="2.62"/>
  <testcase classname="info.archinnov.achilles.internals.parser.FieldParserTest" name="info.archinnov.achilles.internals.parser.FieldParserTest" time="2.685"/>
  <testcase classname="info.archinnov.achilles.internals.parser.FieldParserTest" name="info.archinnov.achilles.internals.parser.FieldParserTest" time="2.769"/>
  <testcase classname="info.archinnov.achilles.internals.parser.FieldParserTest" name="info.archinnov.achilles.internals.parser.FieldParserTest" time="2.836"/>
  <testcase classname="info.archinnov.achilles.internals.parser.FieldParserTest" name="info.archinnov.achilles.internals.parser.FieldParserTest" time="2.904"/>
  <testcase classname="info.archinnov.achilles.internals.parser.FieldParserTest" name="info.archinnov.achilles.internals.parser.FieldParserTest" time="2.979"/>
  <testcase classname="info.archinnov.achilles.internals.parser.FieldParserTest" name="info.archinnov.achilles.internals.parser.FieldParserTest" time="3.022"/>
  <testcase classname="info.archinnov.achilles.internals.parser.FieldParserTest" name="info.archinnov.achilles.internals.parser.FieldParserTest" time="3.063"/>
  <testcase classname="info.archinnov.achilles.internals.parser.FieldParserTest" name="info.archinnov.achilles.internals.parser.FieldParserTest" time="3.139"/>
  <testcase classname="info.archinnov.achilles.internals.parser.FieldParserTest" name="info.archinnov.achilles.internals.parser.FieldParserTest" time="3.207"/>
  <testcase classname="info.archinnov.achilles.internals.parser.FieldParserTest" name="info.archinnov.achilles.internals.parser.FieldParserTest" time="3.286"/>
  <testcase classname="info.archinnov.achilles.internals.parser.FieldParserTest" name="info.archinnov.achilles.internals.parser.FieldParserTest" time="3.359"/>
  <testcase classname="info.archinnov.achilles.internals.parser.FieldParserTest" name="info.archinnov.achilles.internals.parser.FieldParserTest" time="3.401"/>
  <testcase classname="info.archinnov.achilles.internals.parser.FieldParserTest" name="info.archinnov.achilles.internals.parser.FieldParserTest" time="3.472"/>
  <testcase classname="info.archinnov.achilles.internals.parser.FieldParserTest" name="info.archinnov.achilles.internals.parser.FieldParserTest" time="3.505"/>
  <testcase classname="info.archinnov.achilles.internals.parser.FieldParserTest" name="info.archinnov.achilles.internals.parser.FieldParserTest" time="3.565"/>
  <testcase classname="info.archinnov.achilles.internals.parser.FieldParserTest" name="info.archinnov.achilles.internals.parser.FieldParserTest" time="3.662"/>
  <testcase classname="info.archinnov.achilles.internals.parser.FieldParserTest" name="info.archinnov.achilles.internals.parser.FieldParserTest" time="3.724"/>
  <testcase classname="info.archinnov.achilles.internals.parser.FieldParserTest" name="info.archinnov.achilles.internals.parser.FieldParserTest" time="3.798"/>
  <testcase classname="info.archinnov.achilles.internals.parser.FieldParserTest" name="info.archinnov.achilles.internals.parser.FieldParserTest" time="3.832"/>
  <testcase classname="info.archinnov.achilles.internals.parser.FieldParserTest" name="info.archinnov.achilles.internals.parser.FieldParserTest" time="3.859"/>
  <testcase classname="info.archinnov.achilles.internals.parser.FieldParserTest" name="info.archinnov.achilles.internals.parser.FieldParserTest" time="3.927"/>
  <testcase classname="info.archinnov.achilles.internals.parser.FieldParserTest" name="info.archinnov.achilles.internals.parser.FieldParserTest" time="4.035"/>
  <testcase classname="info.archinnov.achilles.internals.parser.FieldParserTest" name="info.archinnov.achilles.internals.parser.FieldParserTest" time="4.1"/>
  <testcase classname="info.archinnov.achilles.internals.parser.FieldParserTest" name="info.archinnov.achilles.internals.parser.FieldParserTest" time="4.158"/>
  <testcase classname="info.archinnov.achilles.internals.parser.FieldParserTest" name="info.archinnov.achilles.internals.parser.FieldParserTest" time="4.227"/>
  <testcase classname="info.archinnov.achilles.internals.parser.FieldParserTest" name="info.archinnov.achilles.internals.parser.FieldParserTest" time="4.292"/>
  <testcase classname="info.archinnov.achilles.internals.parser.FieldParserTest" name="info.archinnov.achilles.internals.parser.FieldParserTest" time="4.325"/>
  <testcase classname="info.archinnov.achilles.internals.parser.FieldParserTest" name="info.archinnov.achilles.internals.parser.FieldParserTest" time="4.375"/>
  <testcase classname="info.archinnov.achilles.internals.parser.FieldParserTest" name="info.archinnov.achilles.internals.parser.FieldParserTest" time="4.44"/>
  <testcase classname="info.archinnov.achilles.internals.parser.FieldParserTest" name="info.archinnov.achilles.internals.parser.FieldParserTest" time="4.497"/>
  <testcase classname="info.archinnov.achilles.internals.parser.FieldParserTest" name="info.archinnov.achilles.internals.parser.FieldParserTest" time="4.554"/>
  <testcase classname="info.archinnov.achilles.internals.parser.FieldParserTest" name="info.archinnov.achilles.internals.parser.FieldParserTest" time="4.586"/>
  <testcase classname="info.archinnov.achilles.internals.parser.FieldParserTest" name="info.archinnov.achilles.internals.parser.FieldParserTest" time="4.613"/>
  <testcase classname="info.archinnov.achilles.internals.parser.FieldParserTest" name="info.archinnov.achilles.internals.parser.FieldParserTest" time="4.78"/>
  <testcase classname="info.archinnov.achilles.internals.parser.FieldParserTest" name="info.archinnov.achilles.internals.parser.FieldParserTest" time="4.833"/>
  <testcase classname="info.archinnov.achilles.internals.parser.FieldParserTest" name="info.archinnov.achilles.internals.parser.FieldParserTest" time="4.886"/>
  <testcase classname="info.archinnov.achilles.internals.parser.FieldParserTest" name="info.archinnov.achilles.internals.parser.FieldParserTest" time="4.912"/>
  <testcase classname="info.archinnov.achilles.internals.parser.FieldParserTest" name="info.archinnov.achilles.internals.parser.FieldParserTest" time="4.962"/>
  <testcase classname="info.archinnov.achilles.internals.parser.FieldParserTest" name="info.archinnov.achilles.internals.parser.FieldParserTest" time="5.018"/>
  <testcase classname="info.archinnov.achilles.internals.parser.FieldParserTest" name="info.archinnov.achilles.internals.parser.FieldParserTest" time="5.058"/>
  <testcase classname="info.archinnov.achilles.internals.parser.FieldParserTest" name="info.archinnov.achilles.internals.parser.FieldParserTest" time="5.085"/>
  <testcase classname="info.archinnov.achilles.internals.parser.FieldParserTest" name="info.archinnov.achilles.internals.parser.FieldParserTest" time="5.137"/>
  <testcase classname="info.archinnov.achilles.internals.parser.FieldParserTest" name="info.archinnov.achilles.internals.parser.FieldParserTest" time="5.198"/>
  <testcase classname="info.archinnov.achilles.internals.parser.FieldParserTest" name="info.archinnov.achilles.internals.parser.FieldParserTest" time="5.252"/>
  <testcase classname="info.archinnov.achilles.internals.parser.FieldParserTest" name="info.archinnov.achilles.internals.parser.FieldParserTest" time="5.292"/>
  <testcase classname="info.archinnov.achilles.internals.parser.FieldParserTest" name="info.archinnov.achilles.internals.parser.FieldParserTest" time="5.352"/>
  <testcase classname="info.archinnov.achilles.internals.parser.FieldParserTest" name="info.archinnov.achilles.internals.parser.FieldParserTest" time="5.41"/>
  <testcase classname="info.archinnov.achilles.internals.parser.FieldParserTest" name="info.archinnov.achilles.internals.parser.FieldParserTest" time="5.466"/>
  <testcase classname="info.archinnov.achilles.internals.parser.FieldParserTest" name="info.archinnov.achilles.internals.parser.FieldParserTest" time="5.519"/>
  <testcase classname="info.archinnov.achilles.internals.parser.FieldParserTest" name="info.archinnov.achilles.internals.parser.FieldParserTest" time="5.575"/>
  <testcase classname="info.archinnov.achilles.internals.parser.FieldParserTest" name="info.archinnov.achilles.internals.parser.FieldParserTest" time="5.655"/>
  <testcase classname="info.archinnov.achilles.internals.parser.FieldParserTest" name="info.archinnov.achilles.internals.parser.FieldParserTest" time="5.685"/>
  <testcase classname="info.archinnov.achilles.internals.parser.FieldParserTest" name="info.archinnov.achilles.internals.parser.FieldParserTest" time="5.711"/>
  <testcase classname="info.archinnov.achilles.internals.parser.FieldParserTest" name="info.archinnov.achilles.internals.parser.FieldParserTest" time="5.758"/>
  <testcase classname="info.archinnov.achilles.internals.parser.FieldParserTest" name="info.archinnov.achilles.internals.parser.FieldParserTest" time="5.804"/>
  <testcase classname="info.archinnov.achilles.internals.parser.FieldParserTest" name="info.archinnov.achilles.internals.parser.FieldParserTest" time="5.832"/>
  <testcase classname="info.archinnov.achilles.internals.parser.FieldParserTest" name="info.archinnov.achilles.internals.parser.FieldParserTest" time="5.861"/>
  <testcase classname="info.archinnov.achilles.internals.parser.FieldParserTest" name="info.archinnov.achilles.internals.parser.FieldParserTest" time="5.901"/>
  <testcase classname="info.archinnov.achilles.internals.parser.FieldParserTest" name="info.archinnov.achilles.internals.parser.FieldParserTest" time="5.928"/>
  <testcase classname="info.archinnov.achilles.internals.parser.FieldParserTest" name="info.archinnov.achilles.internals.parser.FieldParserTest" time="5.979"/>
  <testcase classname="info.archinnov.achilles.internals.parser.FieldParserTest" name="info.archinnov.achilles.internals.parser.FieldParserTest" time="6.026"/>
  <testcase classname="info.archinnov.achilles.internals.parser.FieldParserTest" name="info.archinnov.achilles.internals.parser.FieldParserTest" time="6.053"/>
  <testcase classname="info.archinnov.achilles.internals.parser.FieldParserTest" name="info.archinnov.achilles.internals.parser.FieldParserTest" time="6.1"/>
  <testcase classname="info.archinnov.achilles.internals.parser.FieldParserTest" name="info.archinnov.achilles.internals.parser.FieldParserTest" time="6.179"/>
  <testcase classname="info.archinnov.achilles.internals.parser.FieldParserTest" name="info.archinnov.achilles.internals.parser.FieldParserTest" time="6.209"/>
  <testcase classname="info.archinnov.achilles.internals.parser.FieldParserTest" name="info.archinnov.achilles.internals.parser.FieldParserTest" time="6.238"/>
  <testcase classname="info.archinnov.achilles.internals.parser.FieldParserTest" name="info.archinnov.achilles.internals.parser.FieldParserTest" time="6.303"/>
</testsuite>