<?xml version="1.0" encoding="UTF-8" ?>
<testsuite tests="81" failures="0" name="info.archinnov.achilles.internals.parser.FieldParserTest" time="316.288" errors="0" skipped="0">
  <properties>
[...]
</properties>
  <testcase classname="info.archinnov.achilles.internals.parser.FieldParserTest" name="info.archinnov.achilles.internals.parser.FieldParserTest" time="0.721"/>
  <testcase classname="info.archinnov.achilles.internals.parser.FieldParserTest" name="info.archinnov.achilles.internals.parser.FieldParserTest" time="0.76"/>
  <testcase classname="info.archinnov.achilles.internals.parser.FieldParserTest" name="info.archinnov.achilles.internals.parser.FieldParserTest" time="1.237"/>
  <testcase classname="info.archinnov.achilles.internals.parser.FieldParserTest" name="info.archinnov.achilles.internals.parser.FieldParserTest" time="1.479"/>
  <testcase classname="info.archinnov.achilles.internals.parser.FieldParserTest" name="info.archinnov.achilles.internals.parser.FieldParserTest" time="1.6"/>
  <testcase classname="info.archinnov.achilles.internals.parser.FieldParserTest" name="info.archinnov.achilles.internals.parser.FieldParserTest" time="1.75"/>
  <testcase classname="info.archinnov.achilles.internals.parser.FieldParserTest" name="info.archinnov.achilles.internals.parser.FieldParserTest" time="1.883"/>
  <testcase classname="info.archinnov.achilles.internals.parser.FieldParserTest" name="info.archinnov.achilles.internals.parser.FieldParserTest" time="2.004"/>
  <testcase classname="info.archinnov.achilles.internals.parser.FieldParserTest" name="info.archinnov.achilles.internals.parser.FieldParserTest" time="2.103"/>
  <testcase classname="info.archinnov.achilles.internals.parser.FieldParserTest" name="info.archinnov.achilles.internals.parser.FieldParserTest" time="2.203"/>
  <testcase classname="info.archinnov.achilles.internals.parser.FieldParserTest" name="info.archinnov.achilles.internals.parser.FieldParserTest" time="2.304"/>
  <testcase classname="info.archinnov.achilles.internals.parser.FieldParserTest" name="info.archinnov.achilles.internals.parser.FieldParserTest" time="2.365"/>
  <testcase classname="info.archinnov.achilles.internals.parser.FieldParserTest" name="info.archinnov.achilles.internals.parser.FieldParserTest" time="2.47"/>
  <testcase classname="info.archinnov.achilles.internals.parser.FieldParserTest" name="info.archinnov.achilles.internals.parser.FieldParserTest" time="2.527"/>
  <testcase classname="info.archinnov.achilles.internals.parser.FieldParserTest" name="info.archinnov.achilles.internals.parser.FieldParserTest" time="2.582"/>
  <testcase classname="info.archinnov.achilles.internals.parser.FieldParserTest" name="info.archinnov.achilles.internals.parser.FieldParserTest" time="2.684"/>
  <testcase classname="info.archinnov.achilles.internals.parser.FieldParserTest" name="info.archinnov.achilles.internals.parser.FieldParserTest" time="2.766"/>
  <testcase classname="info.archinnov.achilles.internals.parser.FieldParserTest" name="info.archinnov.achilles.internals.parser.FieldParserTest" time="2.848"/>
  <testcase classname="info.archinnov.achilles.internals.parser.FieldParserTest" name="info.archinnov.achilles.internals.parser.FieldParserTest" time="2.902"/>
  <testcase classname="info.archinnov.achilles.internals.parser.FieldParserTest" name="info.archinnov.achilles.internals.parser.FieldParserTest" time="2.93"/>
  <testcase classname="info.archinnov.achilles.internals.parser.FieldParserTest" name="info.archinnov.achilles.internals.parser.FieldParserTest" time="2.957"/>
  <testcase classname="info.archinnov.achilles.internals.parser.FieldParserTest" name="info.archinnov.achilles.internals.parser.FieldParserTest" time="3.015"/>
  <testcase classname="info.archinnov.achilles.internals.parser.FieldParserTest" name="info.archinnov.achilles.internals.parser.FieldParserTest" time="3.081"/>
  <testcase classname="info.archinnov.achilles.internals.parser.FieldParserTest" name="info.archinnov.achilles.internals.parser.FieldParserTest" time="3.154"/>
  <testcase classname="info.archinnov.achilles.internals.parser.FieldParserTest" name="info.archinnov.achilles.internals.parser.FieldParserTest" time="3.232"/>
  <testcase classname="info.archinnov.achilles.internals.parser.FieldParserTest" name="info.archinnov.achilles.internals.parser.FieldParserTest" time="3.288"/>
  <testcase classname="info.archinnov.achilles.internals.parser.FieldParserTest" name="info.archinnov.achilles.internals.parser.FieldParserTest" time="3.349"/>
  <testcase classname="info.archinnov.achilles.internals.parser.FieldParserTest" name="info.archinnov.achilles.internals.parser.FieldParserTest" time="3.378"/>
  <testcase classname="info.archinnov.achilles.internals.parser.FieldParserTest" name="info.archinnov.achilles.internals.parser.FieldParserTest" time="3.445"/>
  <testcase classname="info.archinnov.achilles.internals.parser.FieldParserTest" name="info.archinnov.achilles.internals.parser.FieldParserTest" time="3.53"/>
  <testcase classname="info.archinnov.achilles.internals.parser.FieldParserTest" name="info.archinnov.achilles.internals.parser.FieldParserTest" time="3.579"/>
  <testcase classname="info.archinnov.achilles.internals.parser.FieldParserTest" name="info.archinnov.achilles.internals.parser.FieldParserTest" time="3.634"/>
  <testcase classname="info.archinnov.achilles.internals.parser.FieldParserTest" name="info.archinnov.achilles.internals.parser.FieldParserTest" time="3.66"/>
  <testcase classname="info.archinnov.achilles.internals.parser.FieldParserTest" name="info.archinnov.achilles.internals.parser.FieldParserTest" time="3.685"/>
  <testcase classname="info.archinnov.achilles.internals.parser.FieldParserTest" name="info.archinnov.achilles.internals.parser.FieldParserTest" time="3.74"/>
  <testcase classname="info.archinnov.achilles.internals.parser.FieldParserTest" name="info.archinnov.achilles.internals.parser.FieldParserTest" time="3.82"/>
  <testcase classname="info.archinnov.achilles.internals.parser.FieldParserTest" name="info.archinnov.achilles.internals.parser.FieldParserTest" time="3.889"/>
  <testcase classname="info.archinnov.achilles.internals.parser.FieldParserTest" name="info.archinnov.achilles.internals.parser.FieldParserTest" time="3.939"/>
  <testcase classname="info.archinnov.achilles.internals.parser.FieldParserTest" name="info.archinnov.achilles.internals.parser.FieldParserTest" time="3.988"/>
  <testcase classname="info.archinnov.achilles.internals.parser.FieldParserTest" name="info.archinnov.achilles.internals.parser.FieldParserTest" time="4.035"/>
  <testcase classname="info.archinnov.achilles.internals.parser.FieldParserTest" name="info.archinnov.achilles.internals.parser.FieldParserTest" time="4.066"/>
  <testcase classname="info.archinnov.achilles.internals.parser.FieldParserTest" name="info.archinnov.achilles.internals.parser.FieldParserTest" time="4.113"/>
  <testcase classname="info.archinnov.achilles.internals.parser.FieldParserTest" name="info.archinnov.achilles.internals.parser.FieldParserTest" time="4.162"/>
  <testcase classname="info.archinnov.achilles.internals.parser.FieldParserTest" name="info.archinnov.achilles.internals.parser.FieldParserTest" time="4.211"/>
  <testcase classname="info.archinnov.achilles.internals.parser.FieldParserTest" name="info.archinnov.achilles.internals.parser.FieldParserTest" time="4.259"/>
  <testcase classname="info.archinnov.achilles.internals.parser.FieldParserTest" name="info.archinnov.achilles.internals.parser.FieldParserTest" time="4.287"/>
  <testcase classname="info.archinnov.achilles.internals.parser.FieldParserTest" name="info.archinnov.achilles.internals.parser.FieldParserTest" time="4.309"/>
  <testcase classname="info.archinnov.achilles.internals.parser.FieldParserTest" name="info.archinnov.achilles.internals.parser.FieldParserTest" time="4.334"/>
  <testcase classname="info.archinnov.achilles.internals.parser.FieldParserTest" name="info.archinnov.achilles.internals.parser.FieldParserTest" time="4.402"/>
  <testcase classname="info.archinnov.achilles.internals.parser.FieldParserTest" name="info.archinnov.achilles.internals.parser.FieldParserTest" time="4.453"/>
  <testcase classname="info.archinnov.achilles.internals.parser.FieldParserTest" name="info.archinnov.achilles.internals.parser.FieldParserTest" time="4.485"/>
  <testcase classname="info.archinnov.achilles.internals.parser.FieldParserTest" name="info.archinnov.achilles.internals.parser.FieldParserTest" time="4.53"/>
  <testcase classname="info.archinnov.achilles.internals.parser.FieldParserTest" name="info.archinnov.achilles.internals.parser.FieldParserTest" time="4.578"/>
  <testcase classname="info.archinnov.achilles.internals.parser.FieldParserTest" name="info.archinnov.achilles.internals.parser.FieldParserTest" time="4.617"/>
  <testcase classname="info.archinnov.achilles.internals.parser.FieldParserTest" name="info.archinnov.achilles.internals.parser.FieldParserTest" time="4.641"/>
  <testcase classname="info.archinnov.achilles.internals.parser.FieldParserTest" name="info.archinnov.achilles.internals.parser.FieldParserTest" time="4.689"/>
  <testcase classname="info.archinnov.achilles.internals.parser.FieldParserTest" name="info.archinnov.achilles.internals.parser.FieldParserTest" time="4.735"/>
  <testcase classname="info.archinnov.achilles.internals.parser.FieldParserTest" name="info.archinnov.achilles.internals.parser.FieldParserTest" time="4.781"/>
  <testcase classname="info.archinnov.achilles.internals.parser.FieldParserTest" name="info.archinnov.achilles.internals.parser.FieldParserTest" time="4.814"/>
  <testcase classname="info.archinnov.achilles.internals.parser.FieldParserTest" name="info.archinnov.achilles.internals.parser.FieldParserTest" time="4.875"/>
  <testcase classname="info.archinnov.achilles.internals.parser.FieldParserTest" name="info.archinnov.achilles.internals.parser.FieldParserTest" time="4.922"/>
  <testcase classname="info.archinnov.achilles.internals.parser.FieldParserTest" name="info.archinnov.achilles.internals.parser.FieldParserTest" time="4.97"/>
  <testcase classname="info.archinnov.achilles.internals.parser.FieldParserTest" name="info.archinnov.achilles.internals.parser.FieldParserTest" time="5.015"/>
  <testcase classname="info.archinnov.achilles.internals.parser.FieldParserTest" name="info.archinnov.achilles.internals.parser.FieldParserTest" time="5.064"/>
  <testcase classname="info.archinnov.achilles.internals.parser.FieldParserTest" name="info.archinnov.achilles.internals.parser.FieldParserTest" time="5.264"/>
  <testcase classname="info.archinnov.achilles.internals.parser.FieldParserTest" name="info.archinnov.achilles.internals.parser.FieldParserTest" time="5.293"/>
  <testcase classname="info.archinnov.achilles.internals.parser.FieldParserTest" name="info.archinnov.achilles.internals.parser.FieldParserTest" time="5.316"/>
  <testcase classname="info.archinnov.achilles.internals.parser.FieldParserTest" name="info.archinnov.achilles.internals.parser.FieldParserTest" time="5.36"/>
  <testcase classname="info.archinnov.achilles.internals.parser.FieldParserTest" name="info.archinnov.achilles.internals.parser.FieldParserTest" time="5.405"/>
  <testcase classname="info.archinnov.achilles.internals.parser.FieldParserTest" name="info.archinnov.achilles.internals.parser.FieldParserTest" time="5.428"/>
  <testcase classname="info.archinnov.achilles.internals.parser.FieldParserTest" name="info.archinnov.achilles.internals.parser.FieldParserTest" time="5.482"/>
  <testcase classname="info.archinnov.achilles.internals.parser.FieldParserTest" name="info.archinnov.achilles.internals.parser.FieldParserTest" time="5.506"/>
  <testcase classname="info.archinnov.achilles.internals.parser.FieldParserTest" name="info.archinnov.achilles.internals.parser.FieldParserTest" time="5.529"/>
  <testcase classname="info.archinnov.achilles.internals.parser.FieldParserTest" name="info.archinnov.achilles.internals.parser.FieldParserTest" time="5.574"/>
  <testcase classname="info.archinnov.achilles.internals.parser.FieldParserTest" name="info.archinnov.achilles.internals.parser.FieldParserTest" time="5.618"/>
  <testcase classname="info.archinnov.achilles.internals.parser.FieldParserTest" name="info.archinnov.achilles.internals.parser.FieldParserTest" time="5.644"/>
  <testcase classname="info.archinnov.achilles.internals.parser.FieldParserTest" name="info.archinnov.achilles.internals.parser.FieldParserTest" time="5.727"/>
  <testcase classname="info.archinnov.achilles.internals.parser.FieldParserTest" name="info.archinnov.achilles.internals.parser.FieldParserTest" time="5.783"/>
  <testcase classname="info.archinnov.achilles.internals.parser.FieldParserTest" name="info.archinnov.achilles.internals.parser.FieldParserTest" time="5.809"/>
  <testcase classname="info.archinnov.achilles.internals.parser.FieldParserTest" name="info.archinnov.achilles.internals.parser.FieldParserTest" time="5.833"/>
  <testcase classname="info.archinnov.achilles.internals.parser.FieldParserTest" name="info.archinnov.achilles.internals.parser.FieldParserTest" time="5.889"/>
</testsuite>