<?xml version="1.0" encoding="UTF-8" ?>
<testsuite tests="81" failures="0" name="info.archinnov.achilles.internals.parser.FieldParserTest" time="310.725" errors="0" skipped="0">
  <properties>
[...]
</properties>
  <testcase classname="info.archinnov.achilles.internals.parser.FieldParserTest" name="info.archinnov.achilles.internals.parser.FieldParserTest" time="0.715"/>
  <testcase classname="info.archinnov.achilles.internals.parser.FieldParserTest" name="info.archinnov.achilles.internals.parser.FieldParserTest" time="0.755"/>
  <testcase classname="info.archinnov.achilles.internals.parser.FieldParserTest" name="info.archinnov.achilles.internals.parser.FieldParserTest" time="1.22"/>
  <testcase classname="info.archinnov.achilles.internals.parser.FieldParserTest" name="info.archinnov.achilles.internals.parser.FieldParserTest" time="1.408"/>
  <testcase classname="info.archinnov.achilles.internals.parser.FieldParserTest" name="info.archinnov.achilles.internals.parser.FieldParserTest" time="1.583"/>
  <testcase classname="info.archinnov.achilles.internals.parser.FieldParserTest" name="info.archinnov.achilles.internals.parser.FieldParserTest" time="1.718"/>
  <testcase classname="info.archinnov.achilles.internals.parser.FieldParserTest" name="info.archinnov.achilles.internals.parser.FieldParserTest" time="1.815"/>
  <testcase classname="info.archinnov.achilles.internals.parser.FieldParserTest" name="info.archinnov.achilles.internals.parser.FieldParserTest" time="1.933"/>
  <testcase classname="info.archinnov.achilles.internals.parser.FieldParserTest" name="info.archinnov.achilles.internals.parser.FieldParserTest" time="2.044"/>
  <testcase classname="info.archinnov.achilles.internals.parser.FieldParserTest" name="info.archinnov.achilles.internals.parser.FieldParserTest" time="2.113"/>
  <testcase classname="info.archinnov.achilles.internals.parser.FieldParserTest" name="info.archinnov.achilles.internals.parser.FieldParserTest" time="2.179"/>
  <testcase classname="info.archinnov.achilles.internals.parser.FieldParserTest" name="info.archinnov.achilles.internals.parser.FieldParserTest" time="2.247"/>
  <testcase classname="info.archinnov.achilles.internals.parser.FieldParserTest" name="info.archinnov.achilles.internals.parser.FieldParserTest" time="2.32"/>
  <testcase classname="info.archinnov.achilles.internals.parser.FieldParserTest" name="info.archinnov.achilles.internals.parser.FieldParserTest" time="2.378"/>
  <testcase classname="info.archinnov.achilles.internals.parser.FieldParserTest" name="info.archinnov.achilles.internals.parser.FieldParserTest" time="2.436"/>
  <testcase classname="info.archinnov.achilles.internals.parser.FieldParserTest" name="info.archinnov.achilles.internals.parser.FieldParserTest" time="2.511"/>
  <testcase classname="info.archinnov.achilles.internals.parser.FieldParserTest" name="info.archinnov.achilles.internals.parser.FieldParserTest" time="2.596"/>
  <testcase classname="info.archinnov.achilles.internals.parser.FieldParserTest" name="info.archinnov.achilles.internals.parser.FieldParserTest" time="2.651"/>
  <testcase classname="info.archinnov.achilles.internals.parser.FieldParserTest" name="info.archinnov.achilles.internals.parser.FieldParserTest" time="2.704"/>
  <testcase classname="info.archinnov.achilles.internals.parser.FieldParserTest" name="info.archinnov.achilles.internals.parser.FieldParserTest" time="2.732"/>
  <testcase classname="info.archinnov.achilles.internals.parser.FieldParserTest" name="info.archinnov.achilles.internals.parser.FieldParserTest" time="2.757"/>
  <testcase classname="info.archinnov.achilles.internals.parser.FieldParserTest" name="info.archinnov.achilles.internals.parser.FieldParserTest" time="2.811"/>
  <testcase classname="info.archinnov.achilles.internals.parser.FieldParserTest" name="info.archinnov.achilles.internals.parser.FieldParserTest" time="2.898"/>
  <testcase classname="info.archinnov.achilles.internals.parser.FieldParserTest" name="info.archinnov.achilles.internals.parser.FieldParserTest" time="2.952"/>
  <testcase classname="info.archinnov.achilles.internals.parser.FieldParserTest" name="info.archinnov.achilles.internals.parser.FieldParserTest" time="3.009"/>
  <testcase classname="info.archinnov.achilles.internals.parser.FieldParserTest" name="info.archinnov.achilles.internals.parser.FieldParserTest" time="3.042"/>
  <testcase classname="info.archinnov.achilles.internals.parser.FieldParserTest" name="info.archinnov.achilles.internals.parser.FieldParserTest" time="3.1"/>
  <testcase classname="info.archinnov.achilles.internals.parser.FieldParserTest" name="info.archinnov.achilles.internals.parser.FieldParserTest" time="3.126"/>
  <testcase classname="info.archinnov.achilles.internals.parser.FieldParserTest" name="info.archinnov.achilles.internals.parser.FieldParserTest" time="3.199"/>
  <testcase classname="info.archinnov.achilles.internals.parser.FieldParserTest" name="info.archinnov.achilles.internals.parser.FieldParserTest" time="3.258"/>
  <testcase classname="info.archinnov.achilles.internals.parser.FieldParserTest" name="info.archinnov.achilles.internals.parser.FieldParserTest" time="3.331"/>
  <testcase classname="info.archinnov.achilles.internals.parser.FieldParserTest" name="info.archinnov.achilles.internals.parser.FieldParserTest" time="3.406"/>
  <testcase classname="info.archinnov.achilles.internals.parser.FieldParserTest" name="info.archinnov.achilles.internals.parser.FieldParserTest" time="3.437"/>
  <testcase classname="info.archinnov.achilles.internals.parser.FieldParserTest" name="info.archinnov.achilles.internals.parser.FieldParserTest" time="3.47"/>
  <testcase classname="info.archinnov.achilles.internals.parser.FieldParserTest" name="info.archinnov.achilles.internals.parser.FieldParserTest" time="3.554"/>
  <testcase classname="info.archinnov.achilles.internals.parser.FieldParserTest" name="info.archinnov.achilles.internals.parser.FieldParserTest" time="3.636"/>
  <testcase classname="info.archinnov.achilles.internals.parser.FieldParserTest" name="info.archinnov.achilles.internals.parser.FieldParserTest" time="3.71"/>
  <testcase classname="info.archinnov.achilles.internals.parser.FieldParserTest" name="info.archinnov.achilles.internals.parser.FieldParserTest" time="3.774"/>
  <testcase classname="info.archinnov.achilles.internals.parser.FieldParserTest" name="info.archinnov.achilles.internals.parser.FieldParserTest" time="3.842"/>
  <testcase classname="info.archinnov.achilles.internals.parser.FieldParserTest" name="info.archinnov.achilles.internals.parser.FieldParserTest" time="3.929"/>
  <testcase classname="info.archinnov.achilles.internals.parser.FieldParserTest" name="info.archinnov.achilles.internals.parser.FieldParserTest" time="3.97"/>
  <testcase classname="info.archinnov.achilles.internals.parser.FieldParserTest" name="info.archinnov.achilles.internals.parser.FieldParserTest" time="4.003"/>
  <testcase classname="info.archinnov.achilles.internals.parser.FieldParserTest" name="info.archinnov.achilles.internals.parser.FieldParserTest" time="4.069"/>
  <testcase classname="info.archinnov.achilles.internals.parser.FieldParserTest" name="info.archinnov.achilles.internals.parser.FieldParserTest" time="4.126"/>
  <testcase classname="info.archinnov.achilles.internals.parser.FieldParserTest" name="info.archinnov.achilles.internals.parser.FieldParserTest" time="4.183"/>
  <testcase classname="info.archinnov.achilles.internals.parser.FieldParserTest" name="info.archinnov.achilles.internals.parser.FieldParserTest" time="4.235"/>
  <testcase classname="info.archinnov.achilles.internals.parser.FieldParserTest" name="info.archinnov.achilles.internals.parser.FieldParserTest" time="4.264"/>
  <testcase classname="info.archinnov.achilles.internals.parser.FieldParserTest" name="info.archinnov.achilles.internals.parser.FieldParserTest" time="4.293"/>
  <testcase classname="info.archinnov.achilles.internals.parser.FieldParserTest" name="info.archinnov.achilles.internals.parser.FieldParserTest" time="4.347"/>
  <testcase classname="info.archinnov.achilles.internals.parser.FieldParserTest" name="info.archinnov.achilles.internals.parser.FieldParserTest" time="4.403"/>
  <testcase classname="info.archinnov.achilles.internals.parser.FieldParserTest" name="info.archinnov.achilles.internals.parser.FieldParserTest" time="4.436"/>
  <testcase classname="info.archinnov.achilles.internals.parser.FieldParserTest" name="info.archinnov.achilles.internals.parser.FieldParserTest" time="4.49"/>
  <testcase classname="info.archinnov.achilles.internals.parser.FieldParserTest" name="info.archinnov.achilles.internals.parser.FieldParserTest" time="4.569"/>
  <testcase classname="info.archinnov.achilles.internals.parser.FieldParserTest" name="info.archinnov.achilles.internals.parser.FieldParserTest" time="4.597"/>
  <testcase classname="info.archinnov.achilles.internals.parser.FieldParserTest" name="info.archinnov.achilles.internals.parser.FieldParserTest" time="4.623"/>
  <testcase classname="info.archinnov.achilles.internals.parser.FieldParserTest" name="info.archinnov.achilles.internals.parser.FieldParserTest" time="4.672"/>
  <testcase classname="info.archinnov.achilles.internals.parser.FieldParserTest" name="info.archinnov.achilles.internals.parser.FieldParserTest" time="4.724"/>
  <testcase classname="info.archinnov.achilles.internals.parser.FieldParserTest" name="info.archinnov.achilles.internals.parser.FieldParserTest" time="4.9"/>
  <testcase classname="info.archinnov.achilles.internals.parser.FieldParserTest" name="info.archinnov.achilles.internals.parser.FieldParserTest" time="4.947"/>
  <testcase classname="info.archinnov.achilles.internals.parser.FieldParserTest" name="info.archinnov.achilles.internals.parser.FieldParserTest" time="4.996"/>
  <testcase classname="info.archinnov.achilles.internals.parser.FieldParserTest" name="info.archinnov.achilles.internals.parser.FieldParserTest" time="5.056"/>
  <testcase classname="info.archinnov.achilles.internals.parser.FieldParserTest" name="info.archinnov.achilles.internals.parser.FieldParserTest" time="5.113"/>
  <testcase classname="info.archinnov.achilles.internals.parser.FieldParserTest" name="info.archinnov.achilles.internals.parser.FieldParserTest" time="5.188"/>
  <testcase classname="info.archinnov.achilles.internals.parser.FieldParserTest" name="info.archinnov.achilles.internals.parser.FieldParserTest" time="5.238"/>
  <testcase classname="info.archinnov.achilles.internals.parser.FieldParserTest" name="info.archinnov.achilles.internals.parser.FieldParserTest" time="5.295"/>
  <testcase classname="info.archinnov.achilles.internals.parser.FieldParserTest" name="info.archinnov.achilles.internals.parser.FieldParserTest" time="5.325"/>
  <testcase classname="info.archinnov.achilles.internals.parser.FieldParserTest" name="info.archinnov.achilles.internals.parser.FieldParserTest" time="5.348"/>
  <testcase classname="info.archinnov.achilles.internals.parser.FieldParserTest" name="info.archinnov.achilles.internals.parser.FieldParserTest" time="5.394"/>
  <testcase classname="info.archinnov.achilles.internals.parser.FieldParserTest" name="info.archinnov.achilles.internals.parser.FieldParserTest" time="5.452"/>
  <testcase classname="info.archinnov.achilles.internals.parser.FieldParserTest" name="info.archinnov.achilles.internals.parser.FieldParserTest" time="5.48"/>
  <testcase classname="info.archinnov.achilles.internals.parser.FieldParserTest" name="info.archinnov.achilles.internals.parser.FieldParserTest" time="5.505"/>
  <testcase classname="info.archinnov.achilles.internals.parser.FieldParserTest" name="info.archinnov.achilles.internals.parser.FieldParserTest" time="5.53"/>
  <testcase classname="info.archinnov.achilles.internals.parser.FieldParserTest" name="info.archinnov.achilles.internals.parser.FieldParserTest" time="5.553"/>
  <testcase classname="info.archinnov.achilles.internals.parser.FieldParserTest" name="info.archinnov.achilles.internals.parser.FieldParserTest" time="5.601"/>
  <testcase classname="info.archinnov.achilles.internals.parser.FieldParserTest" name="info.archinnov.achilles.internals.parser.FieldParserTest" time="5.659"/>
  <testcase classname="info.archinnov.achilles.internals.parser.FieldParserTest" name="info.archinnov.achilles.internals.parser.FieldParserTest" time="5.683"/>
  <testcase classname="info.archinnov.achilles.internals.parser.FieldParserTest" name="info.archinnov.achilles.internals.parser.FieldParserTest" time="5.742"/>
  <testcase classname="info.archinnov.achilles.internals.parser.FieldParserTest" name="info.archinnov.achilles.internals.parser.FieldParserTest" time="5.803"/>
  <testcase classname="info.archinnov.achilles.internals.parser.FieldParserTest" name="info.archinnov.achilles.internals.parser.FieldParserTest" time="5.83"/>
  <testcase classname="info.archinnov.achilles.internals.parser.FieldParserTest" name="info.archinnov.achilles.internals.parser.FieldParserTest" time="5.858"/>
  <testcase classname="info.archinnov.achilles.internals.parser.FieldParserTest" name="info.archinnov.achilles.internals.parser.FieldParserTest" time="5.926"/>
</testsuite>